Using pre-set license
Built from '2020.2/china_unity/release' branch; Version is '2020.2.1f1c1 (252d8215dd99) revision 2436482'; Using compiler version '192528614'; Build Type 'Release'
OS: 'Windows 10  (10.0.0) 64bit' Language: 'zh' Physical Memory: 16337 MB
BatchMode: 1, IsHumanControllingUs: 0, StartBugReporterOnCrash: 0, Is64bit: 1, IsPro: 0

 COMMAND LINE ARGUMENTS:
F:\UnityIDE\2020.2.1f1c1\Editor\Unity.exe
-adb2
-batchMode
-noUpm
-name
AssetImportWorker0
-projectPath
E:/CuteFace/client-proj/unity-project/CuteFace
-logFile
Logs/AssetImportWorker0.log
-srvPort
60109
Successfully changed project path to: E:/CuteFace/client-proj/unity-project/CuteFace
E:/CuteFace/client-proj/unity-project/CuteFace
Using Asset Import Pipeline V2.
Unable to join player connection multicast group.

Unable to join player connection alternative multicast group.

Refreshing native plugins compatible for Editor in 51.94 ms, found 0 plugins.
Preloading 0 native plugins for Editor in 0.00 ms.
Initialize engine version: 2020.2.1f1c1 (252d8215dd99)
[Subsystems] Discovering subsystems at path F:/UnityIDE/2020.2.1f1c1/Editor/Data/Resources/UnitySubsystems
[Subsystems] Discovering subsystems at path E:/CuteFace/client-proj/unity-project/CuteFace/Assets
GfxDevice: creating device client; threaded=0
Direct3D:
    Version:  Direct3D 11.0 [level 11.0]
    Renderer: NVIDIA GeForce GTX 750 Ti (ID=0x1380)
    Vendor:   
    VRAM:     1993 MB
    Driver:   10.18.13.5324
Shader 'Universal Render Pipeline/Particles/Lit': fallback shader 'Universal Render Pipeline/Particles/SimpleLit' not found
Initialize mono
Mono path[0] = 'F:/UnityIDE/2020.2.1f1c1/Editor/Data/Managed'
Mono path[1] = 'F:/UnityIDE/2020.2.1f1c1/Editor/Data/MonoBleedingEdge/lib/mono/unityjit'
Mono config path = 'F:/UnityIDE/2020.2.1f1c1/Editor/Data/MonoBleedingEdge/etc'
Using monoOptions --debugger-agent=transport=dt_socket,embedding=1,server=y,suspend=n,address=127.0.0.1:56696
Begin MonoManager ReloadAssembly
Registering precompiled unity dll's ...
Register platform support module: F:/UnityIDE/2020.2.1f1c1/Editor/Data/PlaybackEngines/WindowsStandaloneSupport/UnityEditor.WindowsStandalone.Extensions.dll
Registered in 0.000793 seconds.
Native extension for WindowsStandalone target not found
Refreshing native plugins compatible for Editor in 45.62 ms, found 0 plugins.
Preloading 0 native plugins for Editor in 0.00 ms.
Invoked RoslynAnalysisRunner static constructor.
RoslynAnalysisRunner will not be running.
RoslynAnalysisRunner has terminated.
Mono: successfully reloaded assembly
- Completed reload, in  1.611 seconds
Platform modules already initialized, skipping
Registering precompiled user dll's ...
Registered in 0.000883 seconds.
Begin MonoManager ReloadAssembly
Native extension for WindowsStandalone target not found
Refreshing native plugins compatible for Editor in 49.02 ms, found 0 plugins.
Preloading 0 native plugins for Editor in 0.00 ms.
Invoked RoslynAnalysisRunner static constructor.
RoslynAnalysisRunner will not be running.
RoslynAnalysisRunner has terminated.
Mono: successfully reloaded assembly
- Completed reload, in  1.037 seconds
Platform modules already initialized, skipping
========================================================================
Worker process is ready to serve import requests
Shader 'Universal Render Pipeline/Particles/Lit': fallback shader 'Universal Render Pipeline/Particles/SimpleLit' not found
Launched and connected shader compiler UnityShaderCompiler.exe after 0.06 seconds
Refreshing native plugins compatible for Editor in 0.59 ms, found 0 plugins.
Preloading 0 native plugins for Editor in 0.00 ms.
Unloading 2375 Unused Serialized files (Serialized files now loaded: 0)
System memory in use before: 112.7 MB.
System memory in use after: 112.9 MB.

Unloading 10 unused Assets to reduce memory usage. Loaded Objects now: 2819.
Total: 4.264900 ms (FindLiveObjects: 0.373100 ms CreateObjectMapping: 0.236800 ms MarkObjects: 3.597600 ms  DeleteObjects: 0.055000 ms)

========================================================================
Received Import Request.
  path: Packages/com.unity.ext.nunit
  artifactKey: Guid(25a477c2f24db8778a4179421a32cc21) Importer(815301076,1909f56bfc062723c751e8b465ee728b)
Start importing Packages/com.unity.ext.nunit using Guid(25a477c2f24db8778a4179421a32cc21) Importer(815301076,1909f56bfc062723c751e8b465ee728b)  -> (artifact id: '28f97c0506fcee8b3954ba3d541a013b') in 0.012160 seconds
  Import took 0.018717 seconds .

========================================================================
Received Import Request.
  Time since last request: 0.000152 seconds.
  path: Assets/ExampleAssets
  artifactKey: Guid(990f5c2df70993f4987a388ca178996a) Importer(815301076,1909f56bfc062723c751e8b465ee728b)
Start importing Assets/ExampleAssets using Guid(990f5c2df70993f4987a388ca178996a) Importer(815301076,1909f56bfc062723c751e8b465ee728b)  -> (artifact id: '3d633d31fac9ae4d857c47c372ee1866') in 0.007900 seconds
  Import took 0.012975 seconds .

========================================================================
Received Import Request.
  Time since last request: 0.000173 seconds.
  path: Packages/com.unity.render-pipelines.core
  artifactKey: Guid(fa2fec639fb8149193707851fce7d38b) Importer(815301076,1909f56bfc062723c751e8b465ee728b)
Start importing Packages/com.unity.render-pipelines.core using Guid(fa2fec639fb8149193707851fce7d38b) Importer(815301076,1909f56bfc062723c751e8b465ee728b)  -> (artifact id: '20b3a0d23a1a840dfb6921ad93bfb59f') in 0.006672 seconds
  Import took 0.010116 seconds .

========================================================================
Received Import Request.
  Time since last request: 28.559555 seconds.
  path: Assets/New Scene.unity
  artifactKey: Guid(3a9f340010310274ab5e97e5b022a289) Importer(815301076,1909f56bfc062723c751e8b465ee728b)
Start importing Assets/New Scene.unity using Guid(3a9f340010310274ab5e97e5b022a289) Importer(815301076,1909f56bfc062723c751e8b465ee728b)  -> (artifact id: '2bd9c1a3e96ba178ac4e23a424b0319c') in 0.011632 seconds
  Import took 0.014979 seconds .

========================================================================
Received Import Request.
  Time since last request: 13.626247 seconds.
  path: Assets/Scenes/SampleScene.unity
  artifactKey: Guid(d1c3109bdb54ad54c8a2b2838528e640) Importer(815301076,1909f56bfc062723c751e8b465ee728b)
Start importing Assets/Scenes/SampleScene.unity using Guid(d1c3109bdb54ad54c8a2b2838528e640) Importer(815301076,1909f56bfc062723c751e8b465ee728b)  -> (artifact id: 'ceb4a64d366ee1aa59f583e20d3c1bbe') in 0.005840 seconds
  Import took 0.009072 seconds .

========================================================================
Received Import Request.
  Time since last request: 15.675418 seconds.
  path: Assets/New Folder
  artifactKey: Guid(c483855874dc77f419764ccf21102a6e) Importer(815301076,1909f56bfc062723c751e8b465ee728b)
Start importing Assets/New Folder using Guid(c483855874dc77f419764ccf21102a6e) Importer(815301076,1909f56bfc062723c751e8b465ee728b)  -> (artifact id: 'c406b4e241ee7bc8f8256a9823001019') in 0.007930 seconds
  Import took 0.014727 seconds .

========================================================================
Received Import Request.
  Time since last request: 0.000730 seconds.
  path: Assets/Presets
  artifactKey: Guid(558255460b74ec04fa70b5570e9327bd) Importer(815301076,1909f56bfc062723c751e8b465ee728b)
Start importing Assets/Presets using Guid(558255460b74ec04fa70b5570e9327bd) Importer(815301076,1909f56bfc062723c751e8b465ee728b)  -> (artifact id: '190f95329feacdf7cc0afb29a19914bd') in 0.007680 seconds
  Import took 0.016966 seconds .

========================================================================
Received Import Request.
  Time since last request: 11.040968 seconds.
  path: Assets/Scene
  artifactKey: Guid(bcde41a446301554c9c9d738fd82f819) Importer(815301076,1909f56bfc062723c751e8b465ee728b)
Start importing Assets/Scene using Guid(bcde41a446301554c9c9d738fd82f819) Importer(815301076,1909f56bfc062723c751e8b465ee728b)  -> (artifact id: 'f209f19e15e8ebaceebe886f8081726f') in 0.005288 seconds
  Import took 0.008714 seconds .

========================================================================
Received Import Request.
  Time since last request: 0.970036 seconds.
  path: Assets/TutorialInfo
  artifactKey: Guid(49110bb8dcada46328ad741970bce702) Importer(815301076,1909f56bfc062723c751e8b465ee728b)
Start importing Assets/TutorialInfo using Guid(49110bb8dcada46328ad741970bce702) Importer(815301076,1909f56bfc062723c751e8b465ee728b)  -> (artifact id: '02ba7949311b922611bfe76fec190133') in 0.005083 seconds
  Import took 0.008343 seconds .

========================================================================
Received Import Request.
  Time since last request: 0.557177 seconds.
  path: Assets/Scenes
  artifactKey: Guid(68231af69f2441d4bb7552e9a1222de4) Importer(815301076,1909f56bfc062723c751e8b465ee728b)
Start importing Assets/Scenes using Guid(68231af69f2441d4bb7552e9a1222de4) Importer(815301076,1909f56bfc062723c751e8b465ee728b)  -> (artifact id: '3943a5df09fca670a764c5e588f516ce') in 0.005245 seconds
  Import took 0.008793 seconds .

========================================================================
Received Import Request.
  Time since last request: 56.465897 seconds.
  path: Assets
  artifactKey: Guid(00000000000000001000000000000000) Importer(815301076,1909f56bfc062723c751e8b465ee728b)
Start importing Assets using Guid(00000000000000001000000000000000) Importer(815301076,1909f56bfc062723c751e8b465ee728b)  -> (artifact id: '77a851e104db600022940e564f7da357') in 0.004960 seconds
  Import took 0.008516 seconds .

========================================================================
Received Import Request.
  Time since last request: 31.383083 seconds.
  path: Assets/TutorialInfo/Icons
  artifactKey: Guid(8a0c9218a650547d98138cd835033977) Importer(815301076,1909f56bfc062723c751e8b465ee728b)
Start importing Assets/TutorialInfo/Icons using Guid(8a0c9218a650547d98138cd835033977) Importer(815301076,1909f56bfc062723c751e8b465ee728b)  -> (artifact id: '0d74ea5db6a69636dfdde5c11ffc3b39') in 0.004685 seconds
  Import took 0.008210 seconds .

========================================================================
Received Import Request.
  Time since last request: 0.021017 seconds.
  path: Assets/TutorialInfo/Icons
  artifactKey: Guid(8a0c9218a650547d98138cd835033977) Importer(815301076,1909f56bfc062723c751e8b465ee728b)
Start importing Assets/TutorialInfo/Icons using Guid(8a0c9218a650547d98138cd835033977) Importer(815301076,1909f56bfc062723c751e8b465ee728b)  -> (artifact id: '0d74ea5db6a69636dfdde5c11ffc3b39') in 0.001994 seconds
  Import took 0.013156 seconds .

========================================================================
Received Import Request.
  Time since last request: 3.726943 seconds.
  path: Assets/Settings/ForwardRenderer.asset
  artifactKey: Guid(4a8e21d5c33334b11b34a596161b9360) Importer(815301076,1909f56bfc062723c751e8b465ee728b)
Start importing Assets/Settings/ForwardRenderer.asset using Guid(4a8e21d5c33334b11b34a596161b9360) Importer(815301076,1909f56bfc062723c751e8b465ee728b)  -> (artifact id: '791689356ceaac1b00defcc03354f2ce') in 0.026615 seconds
  Import took 0.030024 seconds .

========================================================================
Received Import Request.
  Time since last request: 1.076762 seconds.
  path: Assets/Settings/SampleSceneProfile.asset
  artifactKey: Guid(10fc4df2da32a41aaa32d77bc913491c) Importer(815301076,1909f56bfc062723c751e8b465ee728b)
Start importing Assets/Settings/SampleSceneProfile.asset using Guid(10fc4df2da32a41aaa32d77bc913491c) Importer(815301076,1909f56bfc062723c751e8b465ee728b)  -> (artifact id: 'dc93f71bd715dd4663ab107592177ac7') in 0.019939 seconds
  Import took 0.023495 seconds .

========================================================================
Received Import Request.
  Time since last request: 0.022089 seconds.
  path: Assets/Settings/SampleSceneProfile.asset
  artifactKey: Guid(10fc4df2da32a41aaa32d77bc913491c) Importer(815301076,1909f56bfc062723c751e8b465ee728b)
Start importing Assets/Settings/SampleSceneProfile.asset using Guid(10fc4df2da32a41aaa32d77bc913491c) Importer(815301076,1909f56bfc062723c751e8b465ee728b)  -> (artifact id: 'dc93f71bd715dd4663ab107592177ac7') in 0.002272 seconds
  Import took 0.005475 seconds .

========================================================================
Received Import Request.
  Time since last request: 0.824242 seconds.
  path: Assets/Settings/UniversalRP-LowQuality.asset
  artifactKey: Guid(a31e9f9f9c9d4b9429ed0d1234e22103) Importer(815301076,1909f56bfc062723c751e8b465ee728b)
Start importing Assets/Settings/UniversalRP-LowQuality.asset using Guid(a31e9f9f9c9d4b9429ed0d1234e22103) Importer(815301076,1909f56bfc062723c751e8b465ee728b)  -> (artifact id: '3092f82452c90b667f324050053abfad') in 0.005801 seconds
  Import took 0.009332 seconds .

========================================================================
Received Import Request.
  Time since last request: 0.001043 seconds.
  path: Assets/Settings/UniversalRP-LowQuality.asset
  artifactKey: Guid(a31e9f9f9c9d4b9429ed0d1234e22103) Importer(815301076,1909f56bfc062723c751e8b465ee728b)
Start importing Assets/Settings/UniversalRP-LowQuality.asset using Guid(a31e9f9f9c9d4b9429ed0d1234e22103) Importer(815301076,1909f56bfc062723c751e8b465ee728b)  -> (artifact id: '3092f82452c90b667f324050053abfad') in 0.004238 seconds
  Import took 0.007645 seconds .

========================================================================
Received Import Request.
  Time since last request: 0.371731 seconds.
  path: Assets/Settings/UniversalRP-HighQuality.asset
  artifactKey: Guid(19ba41d7c0026c3459d37c2fe90c55a0) Importer(815301076,1909f56bfc062723c751e8b465ee728b)
Start importing Assets/Settings/UniversalRP-HighQuality.asset using Guid(19ba41d7c0026c3459d37c2fe90c55a0) Importer(815301076,1909f56bfc062723c751e8b465ee728b)  -> (artifact id: 'e649b8d42a13ab437c8b100186617119') in 0.007810 seconds
  Import took 0.011879 seconds .

========================================================================
Received Import Request.
  Time since last request: 1.143061 seconds.
  path: Assets/Settings/UniversalRP-MediumQuality.asset
  artifactKey: Guid(d847b876476d3d6468f5dfcd34266f96) Importer(815301076,1909f56bfc062723c751e8b465ee728b)
Start importing Assets/Settings/UniversalRP-MediumQuality.asset using Guid(d847b876476d3d6468f5dfcd34266f96) Importer(815301076,1909f56bfc062723c751e8b465ee728b)  -> (artifact id: 'ab1573e92afb2c77c19e409d98f55b6b') in 0.005503 seconds
  Import took 0.011579 seconds .

========================================================================
Received Import Request.
  Time since last request: 0.000302 seconds.
  path: Assets/Settings/UniversalRP-MediumQuality.asset
  artifactKey: Guid(d847b876476d3d6468f5dfcd34266f96) Importer(815301076,1909f56bfc062723c751e8b465ee728b)
Start importing Assets/Settings/UniversalRP-MediumQuality.asset using Guid(d847b876476d3d6468f5dfcd34266f96) Importer(815301076,1909f56bfc062723c751e8b465ee728b)  -> (artifact id: 'ab1573e92afb2c77c19e409d98f55b6b') in 0.002499 seconds
  Import took 0.005574 seconds .

========================================================================
Received Import Request.
  Time since last request: 3.082455 seconds.
  path: Assets/Scripts/SimpleCameraController.cs
  artifactKey: Guid(be76e5f14cfee674cb30b491fb72b09b) Importer(815301076,1909f56bfc062723c751e8b465ee728b)
Start importing Assets/Scripts/SimpleCameraController.cs using Guid(be76e5f14cfee674cb30b491fb72b09b) Importer(815301076,1909f56bfc062723c751e8b465ee728b)  -> (artifact id: 'e9c2957f27567a52a086e5a066f76354') in 0.212919 seconds
  Import took 0.220349 seconds .

========================================================================
Received Prepare
Registering precompiled user dll's ...
Registered in 0.000953 seconds.
Begin MonoManager ReloadAssembly
Native extension for WindowsStandalone target not found
Refreshing native plugins compatible for Editor in 0.36 ms, found 0 plugins.
Preloading 0 native plugins for Editor in 0.00 ms.
Invoked RoslynAnalysisRunner static constructor.
RoslynAnalysisRunner will not be running.
RoslynAnalysisRunner has terminated.
Mono: successfully reloaded assembly
- Completed reload, in  0.782 seconds
Platform modules already initialized, skipping
Shader 'Universal Render Pipeline/Particles/Lit': fallback shader 'Universal Render Pipeline/Particles/SimpleLit' not found
Refreshing native plugins compatible for Editor in 0.61 ms, found 0 plugins.
Preloading 0 native plugins for Editor in 0.00 ms.
Unloading 2267 Unused Serialized files (Serialized files now loaded: 0)
System memory in use before: 107.0 MB.
System memory in use after: 107.2 MB.

Unloading 5 unused Assets to reduce memory usage. Loaded Objects now: 2823.
Total: 2.269600 ms (FindLiveObjects: 0.233100 ms CreateObjectMapping: 0.133800 ms MarkObjects: 1.887600 ms  DeleteObjects: 0.014200 ms)

========================================================================
Received Import Request.
  Time since last request: 39.460031 seconds.
  path: Assets/Scene/Try.unity
  artifactKey: Guid(3a9f340010310274ab5e97e5b022a289) Importer(815301076,1909f56bfc062723c751e8b465ee728b)
Start importing Assets/Scene/Try.unity using Guid(3a9f340010310274ab5e97e5b022a289) Importer(815301076,1909f56bfc062723c751e8b465ee728b)  -> (artifact id: 'ad7bb75b2f26dcfbc4b00405ed39192e') in 0.016719 seconds
  Import took 0.021473 seconds .

========================================================================
Received Import Request.
  Time since last request: 107.760963 seconds.
  path: Assets/Scene/Panel_Tab_nor.png
  artifactKey: Guid(6f1bd2240477ba7498d5fd71f97c7669) Importer(815301076,1909f56bfc062723c751e8b465ee728b)
Start importing Assets/Scene/Panel_Tab_nor.png using Guid(6f1bd2240477ba7498d5fd71f97c7669) Importer(815301076,1909f56bfc062723c751e8b465ee728b)  -> (artifact id: 'c0514f93b72c79e5bcc6e0183bedef4d') in 0.040938 seconds
  Import took 0.045121 seconds .

========================================================================
Received Import Request.
  Time since last request: 0.036934 seconds.
  path: Assets/Scene/Panel_Tab_nor.png
  artifactKey: Guid(6f1bd2240477ba7498d5fd71f97c7669) Importer(815301076,1909f56bfc062723c751e8b465ee728b)
Start importing Assets/Scene/Panel_Tab_nor.png using Guid(6f1bd2240477ba7498d5fd71f97c7669) Importer(815301076,1909f56bfc062723c751e8b465ee728b)  -> (artifact id: 'c0514f93b72c79e5bcc6e0183bedef4d') in 0.006576 seconds
  Import took 0.010352 seconds .

========================================================================
Received Import Request.
  Time since last request: 0.142500 seconds.
  path: Assets/Scene/Panel_Tab.png
  artifactKey: Guid(6047b8495213a9a40b94118503c61e80) Importer(815301076,1909f56bfc062723c751e8b465ee728b)
Start importing Assets/Scene/Panel_Tab.png using Guid(6047b8495213a9a40b94118503c61e80) Importer(815301076,1909f56bfc062723c751e8b465ee728b)  -> (artifact id: 'dc26c764c02bf2d21495b68c39b39f01') in 0.013340 seconds
  Import took 0.018001 seconds .

========================================================================
Received Import Request.
  Time since last request: 10.828235 seconds.
  path: Assets/Scene/Panel_Tab.png
  artifactKey: Guid(6047b8495213a9a40b94118503c61e80) Importer(815301076,1909f56bfc062723c751e8b465ee728b)
Start importing Assets/Scene/Panel_Tab.png using Guid(6047b8495213a9a40b94118503c61e80) Importer(815301076,1909f56bfc062723c751e8b465ee728b)  -> (artifact id: 'e41047ad82d96c5548f4827a52273b89') in 0.044491 seconds
  Import took 0.047746 seconds .

========================================================================
Received Import Request.
  Time since last request: 3.427170 seconds.
  path: Assets/Scene/Panel_Tab_nor.png
  artifactKey: Guid(6f1bd2240477ba7498d5fd71f97c7669) Importer(815301076,1909f56bfc062723c751e8b465ee728b)
Start importing Assets/Scene/Panel_Tab_nor.png using Guid(6f1bd2240477ba7498d5fd71f97c7669) Importer(815301076,1909f56bfc062723c751e8b465ee728b)  -> (artifact id: '0a9d631edf0ef6d54f096391655c2b77') in 0.015883 seconds
  Import took 0.019897 seconds .

========================================================================
Received Prepare
Registering precompiled user dll's ...
Registered in 0.001114 seconds.
Begin MonoManager ReloadAssembly
Native extension for WindowsStandalone target not found
Refreshing native plugins compatible for Editor in 0.38 ms, found 0 plugins.
Preloading 0 native plugins for Editor in 0.00 ms.
Invoked RoslynAnalysisRunner static constructor.
RoslynAnalysisRunner will not be running.
RoslynAnalysisRunner has terminated.
Mono: successfully reloaded assembly
- Completed reload, in  0.858 seconds
Platform modules already initialized, skipping
Shader 'Universal Render Pipeline/Particles/Lit': fallback shader 'Universal Render Pipeline/Particles/SimpleLit' not found
Refreshing native plugins compatible for Editor in 0.53 ms, found 0 plugins.
Preloading 0 native plugins for Editor in 0.00 ms.
Unloading 2269 Unused Serialized files (Serialized files now loaded: 0)
System memory in use before: 111.0 MB.
System memory in use after: 111.2 MB.

Unloading 5 unused Assets to reduce memory usage. Loaded Objects now: 2832.
Total: 2.859400 ms (FindLiveObjects: 0.251300 ms CreateObjectMapping: 0.117200 ms MarkObjects: 2.472200 ms  DeleteObjects: 0.017200 ms)

========================================================================
Received Prepare
Shader 'Universal Render Pipeline/Particles/Lit': fallback shader 'Universal Render Pipeline/Particles/SimpleLit' not found
Refreshing native plugins compatible for Editor in 0.88 ms, found 0 plugins.
Preloading 0 native plugins for Editor in 0.00 ms.
Unloading 6 Unused Serialized files (Serialized files now loaded: 0)
System memory in use before: 64.2 MB.
System memory in use after: 64.4 MB.

Unloading 3 unused Assets to reduce memory usage. Loaded Objects now: 2832.
Total: 2.096300 ms (FindLiveObjects: 0.222900 ms CreateObjectMapping: 0.107800 ms MarkObjects: 1.748700 ms  DeleteObjects: 0.015300 ms)

========================================================================
Received Import Request.
  Time since last request: 221.827861 seconds.
  path: Assets/Scene/Panel_Tab.png
  artifactKey: Guid(6047b8495213a9a40b94118503c61e80) Importer(815301076,1909f56bfc062723c751e8b465ee728b)
Start importing Assets/Scene/Panel_Tab.png using Guid(6047b8495213a9a40b94118503c61e80) Importer(815301076,1909f56bfc062723c751e8b465ee728b)  -> (artifact id: 'cabbffe68f46edd1a27d6634d88e1469') in 0.064116 seconds
  Import took 0.068100 seconds .

========================================================================
Received Prepare
Registering precompiled user dll's ...
Registered in 0.000975 seconds.
Begin MonoManager ReloadAssembly
Native extension for WindowsStandalone target not found
Refreshing native plugins compatible for Editor in 0.36 ms, found 0 plugins.
Preloading 0 native plugins for Editor in 0.00 ms.
Invoked RoslynAnalysisRunner static constructor.
RoslynAnalysisRunner will not be running.
RoslynAnalysisRunner has terminated.
Mono: successfully reloaded assembly
- Completed reload, in  0.818 seconds
Platform modules already initialized, skipping
Shader 'Universal Render Pipeline/Particles/Lit': fallback shader 'Universal Render Pipeline/Particles/SimpleLit' not found
Refreshing native plugins compatible for Editor in 0.57 ms, found 0 plugins.
Preloading 0 native plugins for Editor in 0.00 ms.
Unloading 2268 Unused Serialized files (Serialized files now loaded: 0)
System memory in use before: 111.0 MB.
System memory in use after: 111.3 MB.

Unloading 5 unused Assets to reduce memory usage. Loaded Objects now: 2835.
Total: 1.944100 ms (FindLiveObjects: 0.230900 ms CreateObjectMapping: 0.114200 ms MarkObjects: 1.583800 ms  DeleteObjects: 0.013500 ms)

========================================================================
Received Import Request.
  Time since last request: 965.531510 seconds.
  path: Assets/Scene/杂项
  artifactKey: Guid(8cc8fce7a7f6de5458edf891b0e8397c) Importer(815301076,1909f56bfc062723c751e8b465ee728b)
Start importing Assets/Scene/杂项 using Guid(8cc8fce7a7f6de5458edf891b0e8397c) Importer(815301076,1909f56bfc062723c751e8b465ee728b)  -> (artifact id: 'd66d05981f26a58ec27ba7564b2a4b66') in 0.010360 seconds
  Import took 0.014788 seconds .

========================================================================
Received Import Request.
  Time since last request: 2.761682 seconds.
  path: Assets/Scene/Panel_Tab_nor.png
  artifactKey: Guid(6f1bd2240477ba7498d5fd71f97c7669) Importer(815301076,1909f56bfc062723c751e8b465ee728b)
Start importing Assets/Scene/Panel_Tab_nor.png using Guid(6f1bd2240477ba7498d5fd71f97c7669) Importer(815301076,1909f56bfc062723c751e8b465ee728b)  -> (artifact id: 'e052b5069067d4fb87e3a0d2f5f10028') in 0.050857 seconds
  Import took 0.055224 seconds .

========================================================================
Received Import Request.
  Time since last request: 8.855969 seconds.
  path: Assets/Scene/杂项/Try.unity
  artifactKey: Guid(3a9f340010310274ab5e97e5b022a289) Importer(815301076,1909f56bfc062723c751e8b465ee728b)
Start importing Assets/Scene/杂项/Try.unity using Guid(3a9f340010310274ab5e97e5b022a289) Importer(815301076,1909f56bfc062723c751e8b465ee728b)  -> (artifact id: '5cea4f9639b32ee65acef90cc2bad7c8') in 0.005230 seconds
  Import took 0.008431 seconds .

========================================================================
Received Import Request.
  Time since last request: 0.002217 seconds.
  path: Assets/Scene/杂项/Try.unity
  artifactKey: Guid(3a9f340010310274ab5e97e5b022a289) Importer(815301076,1909f56bfc062723c751e8b465ee728b)
Start importing Assets/Scene/杂项/Try.unity using Guid(3a9f340010310274ab5e97e5b022a289) Importer(815301076,1909f56bfc062723c751e8b465ee728b)  -> (artifact id: '5cea4f9639b32ee65acef90cc2bad7c8') in 0.002046 seconds
  Import took 0.006206 seconds .

========================================================================
Received Import Request.
  Time since last request: 187.479720 seconds.
  path: Assets/Scene/杂项/tab.cs
  artifactKey: Guid(d9296d16d4a6854438760111a5bc9ee8) Importer(815301076,1909f56bfc062723c751e8b465ee728b)
Start importing Assets/Scene/杂项/tab.cs using Guid(d9296d16d4a6854438760111a5bc9ee8) Importer(815301076,1909f56bfc062723c751e8b465ee728b)  -> (artifact id: 'a33421c6d8af0ef4e63c8e7a1d1ec0d0') in 0.007739 seconds
  Import took 0.011402 seconds .

========================================================================
Received Import Request.
  Time since last request: 0.000696 seconds.
  path: Assets/Scene/杂项/tab.cs
  artifactKey: Guid(d9296d16d4a6854438760111a5bc9ee8) Importer(815301076,1909f56bfc062723c751e8b465ee728b)
Start importing Assets/Scene/杂项/tab.cs using Guid(d9296d16d4a6854438760111a5bc9ee8) Importer(815301076,1909f56bfc062723c751e8b465ee728b)  -> (artifact id: 'a33421c6d8af0ef4e63c8e7a1d1ec0d0') in 0.002094 seconds
  Import took 0.008791 seconds .

========================================================================
Received Prepare
Registering precompiled user dll's ...
Registered in 0.000953 seconds.
Begin MonoManager ReloadAssembly
Native extension for WindowsStandalone target not found
Refreshing native plugins compatible for Editor in 0.39 ms, found 0 plugins.
Preloading 0 native plugins for Editor in 0.00 ms.
Invoked RoslynAnalysisRunner static constructor.
RoslynAnalysisRunner will not be running.
RoslynAnalysisRunner has terminated.
Mono: successfully reloaded assembly
- Completed reload, in  0.886 seconds
Platform modules already initialized, skipping
Shader 'Universal Render Pipeline/Particles/Lit': fallback shader 'Universal Render Pipeline/Particles/SimpleLit' not found
Refreshing native plugins compatible for Editor in 0.48 ms, found 0 plugins.
Preloading 0 native plugins for Editor in 0.00 ms.
Unloading 2270 Unused Serialized files (Serialized files now loaded: 0)
System memory in use before: 111.1 MB.
System memory in use after: 111.3 MB.

Unloading 5 unused Assets to reduce memory usage. Loaded Objects now: 2839.
Total: 10.137000 ms (FindLiveObjects: 1.186500 ms CreateObjectMapping: 1.375700 ms MarkObjects: 7.555000 ms  DeleteObjects: 0.018300 ms)

========================================================================
Received Prepare
Registering precompiled user dll's ...
Registered in 0.001037 seconds.
Begin MonoManager ReloadAssembly
Native extension for WindowsStandalone target not found
Refreshing native plugins compatible for Editor in 0.49 ms, found 0 plugins.
Preloading 0 native plugins for Editor in 0.00 ms.
Invoked RoslynAnalysisRunner static constructor.
RoslynAnalysisRunner will not be running.
RoslynAnalysisRunner has terminated.
Mono: successfully reloaded assembly
- Completed reload, in  0.800 seconds
Platform modules already initialized, skipping
Shader 'Universal Render Pipeline/Particles/Lit': fallback shader 'Universal Render Pipeline/Particles/SimpleLit' not found
Refreshing native plugins compatible for Editor in 0.51 ms, found 0 plugins.
Preloading 0 native plugins for Editor in 0.00 ms.
Unloading 2270 Unused Serialized files (Serialized files now loaded: 0)
System memory in use before: 111.0 MB.
System memory in use after: 111.2 MB.

Unloading 5 unused Assets to reduce memory usage. Loaded Objects now: 2841.
Total: 1.954400 ms (FindLiveObjects: 0.239700 ms CreateObjectMapping: 0.111700 ms MarkObjects: 1.586800 ms  DeleteObjects: 0.014700 ms)

========================================================================
Received Import Request.
  Time since last request: 880.660516 seconds.
  path: Assets/Scene/杂项/tab.cs
  artifactKey: Guid(d9296d16d4a6854438760111a5bc9ee8) Importer(815301076,1909f56bfc062723c751e8b465ee728b)
Start importing Assets/Scene/杂项/tab.cs using Guid(d9296d16d4a6854438760111a5bc9ee8) Importer(815301076,1909f56bfc062723c751e8b465ee728b)  -> (artifact id: '9047f66084a7a2e4c078d896361db3bd') in 0.024763 seconds
  Import took 0.029535 seconds .

========================================================================
Received Prepare
Registering precompiled user dll's ...
Registered in 0.001018 seconds.
Begin MonoManager ReloadAssembly
Native extension for WindowsStandalone target not found
Refreshing native plugins compatible for Editor in 0.39 ms, found 0 plugins.
Preloading 0 native plugins for Editor in 0.00 ms.
Invoked RoslynAnalysisRunner static constructor.
RoslynAnalysisRunner will not be running.
RoslynAnalysisRunner has terminated.
Mono: successfully reloaded assembly
- Completed reload, in  0.833 seconds
Platform modules already initialized, skipping
Shader 'Universal Render Pipeline/Particles/Lit': fallback shader 'Universal Render Pipeline/Particles/SimpleLit' not found
Refreshing native plugins compatible for Editor in 0.48 ms, found 0 plugins.
Preloading 0 native plugins for Editor in 0.00 ms.
Unloading 2270 Unused Serialized files (Serialized files now loaded: 0)
System memory in use before: 111.1 MB.
System memory in use after: 111.3 MB.

Unloading 5 unused Assets to reduce memory usage. Loaded Objects now: 2843.
Total: 5.975200 ms (FindLiveObjects: 3.639100 ms CreateObjectMapping: 0.354900 ms MarkObjects: 1.948100 ms  DeleteObjects: 0.031300 ms)

========================================================================
Received Import Request.
  Time since last request: 30.264876 seconds.
  path: Assets/Scene/杂项/tab.cs
  artifactKey: Guid(d9296d16d4a6854438760111a5bc9ee8) Importer(815301076,1909f56bfc062723c751e8b465ee728b)
Start importing Assets/Scene/杂项/tab.cs using Guid(d9296d16d4a6854438760111a5bc9ee8) Importer(815301076,1909f56bfc062723c751e8b465ee728b)  -> (artifact id: '904e326a045be82f708e334a53c70d41') in 0.005039 seconds
  Import took 0.010931 seconds .

========================================================================
Received Prepare
Registering precompiled user dll's ...
Registered in 0.000915 seconds.
Begin MonoManager ReloadAssembly
Native extension for WindowsStandalone target not found
Refreshing native plugins compatible for Editor in 0.37 ms, found 0 plugins.
Preloading 0 native plugins for Editor in 0.00 ms.
Invoked RoslynAnalysisRunner static constructor.
RoslynAnalysisRunner will not be running.
RoslynAnalysisRunner has terminated.
Mono: successfully reloaded assembly
- Completed reload, in  0.823 seconds
Platform modules already initialized, skipping
Shader 'Universal Render Pipeline/Particles/Lit': fallback shader 'Universal Render Pipeline/Particles/SimpleLit' not found
Refreshing native plugins compatible for Editor in 0.56 ms, found 0 plugins.
Preloading 0 native plugins for Editor in 0.00 ms.
Unloading 2270 Unused Serialized files (Serialized files now loaded: 0)
System memory in use before: 111.1 MB.
System memory in use after: 111.3 MB.

Unloading 5 unused Assets to reduce memory usage. Loaded Objects now: 2845.
Total: 1.913000 ms (FindLiveObjects: 0.242300 ms CreateObjectMapping: 0.124400 ms MarkObjects: 1.530800 ms  DeleteObjects: 0.014300 ms)

========================================================================
Received Prepare
Registering precompiled user dll's ...
Registered in 0.001191 seconds.
Begin MonoManager ReloadAssembly
Native extension for WindowsStandalone target not found
Refreshing native plugins compatible for Editor in 0.42 ms, found 0 plugins.
Preloading 0 native plugins for Editor in 0.00 ms.
Invoked RoslynAnalysisRunner static constructor.
RoslynAnalysisRunner will not be running.
RoslynAnalysisRunner has terminated.
Mono: successfully reloaded assembly
- Completed reload, in  0.861 seconds
Platform modules already initialized, skipping
Shader 'Universal Render Pipeline/Particles/Lit': fallback shader 'Universal Render Pipeline/Particles/SimpleLit' not found
Refreshing native plugins compatible for Editor in 0.43 ms, found 0 plugins.
Preloading 0 native plugins for Editor in 0.00 ms.
Unloading 2270 Unused Serialized files (Serialized files now loaded: 0)
System memory in use before: 111.1 MB.
System memory in use after: 111.3 MB.

Unloading 5 unused Assets to reduce memory usage. Loaded Objects now: 2847.
Total: 5.276500 ms (FindLiveObjects: 0.365000 ms CreateObjectMapping: 0.155800 ms MarkObjects: 4.734500 ms  DeleteObjects: 0.019400 ms)

========================================================================
Received Prepare
Registering precompiled user dll's ...
Registered in 0.000950 seconds.
Begin MonoManager ReloadAssembly
Native extension for WindowsStandalone target not found
Refreshing native plugins compatible for Editor in 0.36 ms, found 0 plugins.
Preloading 0 native plugins for Editor in 0.00 ms.
Invoked RoslynAnalysisRunner static constructor.
RoslynAnalysisRunner will not be running.
RoslynAnalysisRunner has terminated.
Mono: successfully reloaded assembly
- Completed reload, in  0.840 seconds
Platform modules already initialized, skipping
Shader 'Universal Render Pipeline/Particles/Lit': fallback shader 'Universal Render Pipeline/Particles/SimpleLit' not found
Refreshing native plugins compatible for Editor in 0.43 ms, found 0 plugins.
Preloading 0 native plugins for Editor in 0.00 ms.
Unloading 2270 Unused Serialized files (Serialized files now loaded: 0)
System memory in use before: 111.1 MB.
System memory in use after: 111.3 MB.

Unloading 5 unused Assets to reduce memory usage. Loaded Objects now: 2849.
Total: 1.721100 ms (FindLiveObjects: 0.211300 ms CreateObjectMapping: 0.101800 ms MarkObjects: 1.394900 ms  DeleteObjects: 0.012000 ms)

========================================================================
Received Prepare
Registering precompiled user dll's ...
Registered in 0.000975 seconds.
Begin MonoManager ReloadAssembly
Native extension for WindowsStandalone target not found
Refreshing native plugins compatible for Editor in 0.40 ms, found 0 plugins.
Preloading 0 native plugins for Editor in 0.00 ms.
Invoked RoslynAnalysisRunner static constructor.
RoslynAnalysisRunner will not be running.
RoslynAnalysisRunner has terminated.
Mono: successfully reloaded assembly
- Completed reload, in  0.922 seconds
Platform modules already initialized, skipping
Shader 'Universal Render Pipeline/Particles/Lit': fallback shader 'Universal Render Pipeline/Particles/SimpleLit' not found
Refreshing native plugins compatible for Editor in 0.63 ms, found 0 plugins.
Preloading 0 native plugins for Editor in 0.00 ms.
Unloading 2270 Unused Serialized files (Serialized files now loaded: 0)
System memory in use before: 111.0 MB.
System memory in use after: 111.3 MB.

Unloading 5 unused Assets to reduce memory usage. Loaded Objects now: 2851.
Total: 1.851700 ms (FindLiveObjects: 0.250400 ms CreateObjectMapping: 0.127500 ms MarkObjects: 1.457800 ms  DeleteObjects: 0.015300 ms)

========================================================================
Received Prepare
Registering precompiled user dll's ...
Registered in 0.001072 seconds.
Begin MonoManager ReloadAssembly
Native extension for WindowsStandalone target not found
Refreshing native plugins compatible for Editor in 0.44 ms, found 0 plugins.
Preloading 0 native plugins for Editor in 0.00 ms.
Invoked RoslynAnalysisRunner static constructor.
RoslynAnalysisRunner will not be running.
RoslynAnalysisRunner has terminated.
Mono: successfully reloaded assembly
- Completed reload, in  0.789 seconds
Platform modules already initialized, skipping
Shader 'Universal Render Pipeline/Particles/Lit': fallback shader 'Universal Render Pipeline/Particles/SimpleLit' not found
Refreshing native plugins compatible for Editor in 0.58 ms, found 0 plugins.
Preloading 0 native plugins for Editor in 0.00 ms.
Unloading 2270 Unused Serialized files (Serialized files now loaded: 0)
System memory in use before: 111.0 MB.
System memory in use after: 111.2 MB.

Unloading 5 unused Assets to reduce memory usage. Loaded Objects now: 2853.
Total: 1.928900 ms (FindLiveObjects: 0.227200 ms CreateObjectMapping: 0.110000 ms MarkObjects: 1.576300 ms  DeleteObjects: 0.014400 ms)

========================================================================
Received Prepare
Registering precompiled user dll's ...
Registered in 0.001404 seconds.
Begin MonoManager ReloadAssembly
Native extension for WindowsStandalone target not found
Refreshing native plugins compatible for Editor in 0.38 ms, found 0 plugins.
Preloading 0 native plugins for Editor in 0.00 ms.
Invoked RoslynAnalysisRunner static constructor.
RoslynAnalysisRunner will not be running.
RoslynAnalysisRunner has terminated.
Mono: successfully reloaded assembly
- Completed reload, in  0.822 seconds
Platform modules already initialized, skipping
Shader 'Universal Render Pipeline/Particles/Lit': fallback shader 'Universal Render Pipeline/Particles/SimpleLit' not found
Refreshing native plugins compatible for Editor in 0.46 ms, found 0 plugins.
Preloading 0 native plugins for Editor in 0.00 ms.
Unloading 2270 Unused Serialized files (Serialized files now loaded: 0)
System memory in use before: 111.1 MB.
System memory in use after: 111.4 MB.

Unloading 5 unused Assets to reduce memory usage. Loaded Objects now: 2855.
Total: 1.814500 ms (FindLiveObjects: 0.235600 ms CreateObjectMapping: 0.123700 ms MarkObjects: 1.441000 ms  DeleteObjects: 0.013200 ms)

========================================================================
Received Prepare
Registering precompiled user dll's ...
Registered in 0.000963 seconds.
Begin MonoManager ReloadAssembly
Native extension for WindowsStandalone target not found
Refreshing native plugins compatible for Editor in 0.38 ms, found 0 plugins.
Preloading 0 native plugins for Editor in 0.00 ms.
Invoked RoslynAnalysisRunner static constructor.
RoslynAnalysisRunner will not be running.
RoslynAnalysisRunner has terminated.
Mono: successfully reloaded assembly
- Completed reload, in  0.992 seconds
Platform modules already initialized, skipping
Shader 'Universal Render Pipeline/Particles/Lit': fallback shader 'Universal Render Pipeline/Particles/SimpleLit' not found
Refreshing native plugins compatible for Editor in 0.48 ms, found 0 plugins.
Preloading 0 native plugins for Editor in 0.00 ms.
Unloading 2270 Unused Serialized files (Serialized files now loaded: 0)
System memory in use before: 111.1 MB.
System memory in use after: 111.4 MB.

Unloading 5 unused Assets to reduce memory usage. Loaded Objects now: 2857.
Total: 2.106100 ms (FindLiveObjects: 0.270400 ms CreateObjectMapping: 0.131900 ms MarkObjects: 1.685300 ms  DeleteObjects: 0.017400 ms)

========================================================================
Received Prepare
Registering precompiled user dll's ...
Registered in 0.000949 seconds.
Begin MonoManager ReloadAssembly
Native extension for WindowsStandalone target not found
Refreshing native plugins compatible for Editor in 0.40 ms, found 0 plugins.
Preloading 0 native plugins for Editor in 0.00 ms.
Invoked RoslynAnalysisRunner static constructor.
RoslynAnalysisRunner will not be running.
RoslynAnalysisRunner has terminated.
Mono: successfully reloaded assembly
- Completed reload, in  1.088 seconds
Platform modules already initialized, skipping
Shader 'Universal Render Pipeline/Particles/Lit': fallback shader 'Universal Render Pipeline/Particles/SimpleLit' not found
Refreshing native plugins compatible for Editor in 0.58 ms, found 0 plugins.
Preloading 0 native plugins for Editor in 0.00 ms.
Unloading 2270 Unused Serialized files (Serialized files now loaded: 0)
System memory in use before: 111.2 MB.
System memory in use after: 111.4 MB.

Unloading 5 unused Assets to reduce memory usage. Loaded Objects now: 2859.
Total: 2.556400 ms (FindLiveObjects: 0.251500 ms CreateObjectMapping: 0.146500 ms MarkObjects: 2.134000 ms  DeleteObjects: 0.022500 ms)

========================================================================
Received Prepare
Registering precompiled user dll's ...
Registered in 0.001522 seconds.
Begin MonoManager ReloadAssembly
Native extension for WindowsStandalone target not found
Refreshing native plugins compatible for Editor in 0.38 ms, found 0 plugins.
Preloading 0 native plugins for Editor in 0.00 ms.
Invoked RoslynAnalysisRunner static constructor.
RoslynAnalysisRunner will not be running.
RoslynAnalysisRunner has terminated.
Mono: successfully reloaded assembly
- Completed reload, in  0.973 seconds
Platform modules already initialized, skipping
Shader 'Universal Render Pipeline/Particles/Lit': fallback shader 'Universal Render Pipeline/Particles/SimpleLit' not found
Refreshing native plugins compatible for Editor in 0.53 ms, found 0 plugins.
Preloading 0 native plugins for Editor in 0.00 ms.
Unloading 2270 Unused Serialized files (Serialized files now loaded: 0)
System memory in use before: 111.1 MB.
System memory in use after: 111.3 MB.

Unloading 5 unused Assets to reduce memory usage. Loaded Objects now: 2861.
Total: 4.696100 ms (FindLiveObjects: 0.613800 ms CreateObjectMapping: 1.494100 ms MarkObjects: 2.523700 ms  DeleteObjects: 0.038600 ms)

========================================================================
Received Prepare
Registering precompiled user dll's ...
Registered in 0.001003 seconds.
Begin MonoManager ReloadAssembly
Native extension for WindowsStandalone target not found
Refreshing native plugins compatible for Editor in 0.57 ms, found 0 plugins.
Preloading 0 native plugins for Editor in 0.00 ms.
Invoked RoslynAnalysisRunner static constructor.
RoslynAnalysisRunner will not be running.
RoslynAnalysisRunner has terminated.
Mono: successfully reloaded assembly
- Completed reload, in  1.007 seconds
Platform modules already initialized, skipping
Shader 'Universal Render Pipeline/Particles/Lit': fallback shader 'Universal Render Pipeline/Particles/SimpleLit' not found
Refreshing native plugins compatible for Editor in 0.49 ms, found 0 plugins.
Preloading 0 native plugins for Editor in 0.00 ms.
Unloading 2270 Unused Serialized files (Serialized files now loaded: 0)
System memory in use before: 111.1 MB.
System memory in use after: 111.3 MB.

Unloading 5 unused Assets to reduce memory usage. Loaded Objects now: 2863.
Total: 2.660400 ms (FindLiveObjects: 0.338100 ms CreateObjectMapping: 0.174200 ms MarkObjects: 2.126100 ms  DeleteObjects: 0.020100 ms)

========================================================================
Received Prepare
Registering precompiled user dll's ...
Registered in 0.000939 seconds.
Begin MonoManager ReloadAssembly
Native extension for WindowsStandalone target not found
Refreshing native plugins compatible for Editor in 0.36 ms, found 0 plugins.
Preloading 0 native plugins for Editor in 0.00 ms.
Invoked RoslynAnalysisRunner static constructor.
RoslynAnalysisRunner will not be running.
RoslynAnalysisRunner has terminated.
Mono: successfully reloaded assembly
- Completed reload, in  0.847 seconds
Platform modules already initialized, skipping
Shader 'Universal Render Pipeline/Particles/Lit': fallback shader 'Universal Render Pipeline/Particles/SimpleLit' not found
Refreshing native plugins compatible for Editor in 0.76 ms, found 0 plugins.
Preloading 0 native plugins for Editor in 0.00 ms.
Unloading 2270 Unused Serialized files (Serialized files now loaded: 0)
System memory in use before: 111.2 MB.
System memory in use after: 111.4 MB.

Unloading 5 unused Assets to reduce memory usage. Loaded Objects now: 2865.
Total: 1.709900 ms (FindLiveObjects: 0.213900 ms CreateObjectMapping: 0.099400 ms MarkObjects: 1.381300 ms  DeleteObjects: 0.013800 ms)

========================================================================
Received Prepare
Registering precompiled user dll's ...
Registered in 0.000996 seconds.
Begin MonoManager ReloadAssembly
Native extension for WindowsStandalone target not found
Refreshing native plugins compatible for Editor in 0.37 ms, found 0 plugins.
Preloading 0 native plugins for Editor in 0.00 ms.
Invoked RoslynAnalysisRunner static constructor.
RoslynAnalysisRunner will not be running.
RoslynAnalysisRunner has terminated.
Mono: successfully reloaded assembly
- Completed reload, in  0.854 seconds
Platform modules already initialized, skipping
Shader 'Universal Render Pipeline/Particles/Lit': fallback shader 'Universal Render Pipeline/Particles/SimpleLit' not found
Refreshing native plugins compatible for Editor in 0.56 ms, found 0 plugins.
Preloading 0 native plugins for Editor in 0.00 ms.
Unloading 2270 Unused Serialized files (Serialized files now loaded: 0)
System memory in use before: 111.2 MB.
System memory in use after: 111.4 MB.

Unloading 5 unused Assets to reduce memory usage. Loaded Objects now: 2867.
Total: 1.805900 ms (FindLiveObjects: 0.231400 ms CreateObjectMapping: 0.105600 ms MarkObjects: 1.454100 ms  DeleteObjects: 0.013600 ms)

========================================================================
Received Prepare
Registering precompiled user dll's ...
Registered in 0.000955 seconds.
Begin MonoManager ReloadAssembly
Native extension for WindowsStandalone target not found
Refreshing native plugins compatible for Editor in 0.36 ms, found 0 plugins.
Preloading 0 native plugins for Editor in 0.00 ms.
Invoked RoslynAnalysisRunner static constructor.
RoslynAnalysisRunner will not be running.
RoslynAnalysisRunner has terminated.
Mono: successfully reloaded assembly
- Completed reload, in  0.869 seconds
Platform modules already initialized, skipping
Shader 'Universal Render Pipeline/Particles/Lit': fallback shader 'Universal Render Pipeline/Particles/SimpleLit' not found
Refreshing native plugins compatible for Editor in 0.42 ms, found 0 plugins.
Preloading 0 native plugins for Editor in 0.00 ms.
Unloading 2270 Unused Serialized files (Serialized files now loaded: 0)
System memory in use before: 111.2 MB.
System memory in use after: 111.4 MB.

Unloading 5 unused Assets to reduce memory usage. Loaded Objects now: 2869.
Total: 1.907900 ms (FindLiveObjects: 0.236000 ms CreateObjectMapping: 0.118600 ms MarkObjects: 1.536300 ms  DeleteObjects: 0.015400 ms)

========================================================================
Received Prepare
Registering precompiled user dll's ...
Registered in 0.000960 seconds.
Begin MonoManager ReloadAssembly
Native extension for WindowsStandalone target not found
Refreshing native plugins compatible for Editor in 0.36 ms, found 0 plugins.
Preloading 0 native plugins for Editor in 0.00 ms.
Invoked RoslynAnalysisRunner static constructor.
RoslynAnalysisRunner will not be running.
RoslynAnalysisRunner has terminated.
Mono: successfully reloaded assembly
- Completed reload, in  0.836 seconds
Platform modules already initialized, skipping
Shader 'Universal Render Pipeline/Particles/Lit': fallback shader 'Universal Render Pipeline/Particles/SimpleLit' not found
Refreshing native plugins compatible for Editor in 0.56 ms, found 0 plugins.
Preloading 0 native plugins for Editor in 0.00 ms.
Unloading 2270 Unused Serialized files (Serialized files now loaded: 0)
System memory in use before: 111.1 MB.
System memory in use after: 111.3 MB.

Unloading 5 unused Assets to reduce memory usage. Loaded Objects now: 2871.
Total: 1.746900 ms (FindLiveObjects: 0.218400 ms CreateObjectMapping: 0.104400 ms MarkObjects: 1.400300 ms  DeleteObjects: 0.022400 ms)

========================================================================
Received Prepare
Registering precompiled user dll's ...
Registered in 0.001060 seconds.
Begin MonoManager ReloadAssembly
Native extension for WindowsStandalone target not found
Refreshing native plugins compatible for Editor in 0.37 ms, found 0 plugins.
Preloading 0 native plugins for Editor in 0.00 ms.
Invoked RoslynAnalysisRunner static constructor.
RoslynAnalysisRunner will not be running.
RoslynAnalysisRunner has terminated.
Mono: successfully reloaded assembly
- Completed reload, in  0.835 seconds
Platform modules already initialized, skipping
Shader 'Universal Render Pipeline/Particles/Lit': fallback shader 'Universal Render Pipeline/Particles/SimpleLit' not found
Refreshing native plugins compatible for Editor in 0.40 ms, found 0 plugins.
Preloading 0 native plugins for Editor in 0.00 ms.
Unloading 2270 Unused Serialized files (Serialized files now loaded: 0)
System memory in use before: 111.2 MB.
System memory in use after: 111.4 MB.

Unloading 5 unused Assets to reduce memory usage. Loaded Objects now: 2873.
Total: 2.607400 ms (FindLiveObjects: 0.389300 ms CreateObjectMapping: 0.171800 ms MarkObjects: 2.027100 ms  DeleteObjects: 0.018200 ms)

========================================================================
Received Prepare
Registering precompiled user dll's ...
Registered in 0.001018 seconds.
Begin MonoManager ReloadAssembly
Native extension for WindowsStandalone target not found
Refreshing native plugins compatible for Editor in 0.44 ms, found 0 plugins.
Preloading 0 native plugins for Editor in 0.00 ms.
Invoked RoslynAnalysisRunner static constructor.
RoslynAnalysisRunner will not be running.
RoslynAnalysisRunner has terminated.
Mono: successfully reloaded assembly
- Completed reload, in  1.109 seconds
Platform modules already initialized, skipping
Shader 'Universal Render Pipeline/Particles/Lit': fallback shader 'Universal Render Pipeline/Particles/SimpleLit' not found
Refreshing native plugins compatible for Editor in 0.46 ms, found 0 plugins.
Preloading 0 native plugins for Editor in 0.00 ms.
Unloading 2270 Unused Serialized files (Serialized files now loaded: 0)
System memory in use before: 111.1 MB.
System memory in use after: 111.3 MB.

Unloading 5 unused Assets to reduce memory usage. Loaded Objects now: 2875.
Total: 2.808300 ms (FindLiveObjects: 0.243600 ms CreateObjectMapping: 0.126100 ms MarkObjects: 2.417900 ms  DeleteObjects: 0.019300 ms)

========================================================================
Received Prepare
Registering precompiled user dll's ...
Registered in 0.000934 seconds.
Begin MonoManager ReloadAssembly
Native extension for WindowsStandalone target not found
Refreshing native plugins compatible for Editor in 0.39 ms, found 0 plugins.
Preloading 0 native plugins for Editor in 0.00 ms.
Invoked RoslynAnalysisRunner static constructor.
RoslynAnalysisRunner will not be running.
RoslynAnalysisRunner has terminated.
Mono: successfully reloaded assembly
- Completed reload, in  1.013 seconds
Platform modules already initialized, skipping
Shader 'Universal Render Pipeline/Particles/Lit': fallback shader 'Universal Render Pipeline/Particles/SimpleLit' not found
Refreshing native plugins compatible for Editor in 0.45 ms, found 0 plugins.
Preloading 0 native plugins for Editor in 0.00 ms.
Unloading 2270 Unused Serialized files (Serialized files now loaded: 0)
System memory in use before: 111.2 MB.
System memory in use after: 111.4 MB.

Unloading 5 unused Assets to reduce memory usage. Loaded Objects now: 2877.
Total: 2.551700 ms (FindLiveObjects: 0.318600 ms CreateObjectMapping: 0.138700 ms MarkObjects: 2.074600 ms  DeleteObjects: 0.018100 ms)

========================================================================
Received Prepare
Registering precompiled user dll's ...
Registered in 0.001405 seconds.
Begin MonoManager ReloadAssembly
Native extension for WindowsStandalone target not found
Refreshing native plugins compatible for Editor in 0.50 ms, found 0 plugins.
Preloading 0 native plugins for Editor in 0.00 ms.
Invoked RoslynAnalysisRunner static constructor.
RoslynAnalysisRunner will not be running.
RoslynAnalysisRunner has terminated.
Mono: successfully reloaded assembly
- Completed reload, in  0.986 seconds
Platform modules already initialized, skipping
Shader 'Universal Render Pipeline/Particles/Lit': fallback shader 'Universal Render Pipeline/Particles/SimpleLit' not found
Refreshing native plugins compatible for Editor in 0.48 ms, found 0 plugins.
Preloading 0 native plugins for Editor in 0.00 ms.
Unloading 2270 Unused Serialized files (Serialized files now loaded: 0)
System memory in use before: 111.2 MB.
System memory in use after: 111.4 MB.

Unloading 5 unused Assets to reduce memory usage. Loaded Objects now: 2879.
Total: 2.129700 ms (FindLiveObjects: 0.236700 ms CreateObjectMapping: 0.126500 ms MarkObjects: 1.746300 ms  DeleteObjects: 0.018600 ms)

========================================================================
Received Prepare
Registering precompiled user dll's ...
Registered in 0.000965 seconds.
Begin MonoManager ReloadAssembly
Native extension for WindowsStandalone target not found
Refreshing native plugins compatible for Editor in 0.38 ms, found 0 plugins.
Preloading 0 native plugins for Editor in 0.00 ms.
Invoked RoslynAnalysisRunner static constructor.
RoslynAnalysisRunner will not be running.
RoslynAnalysisRunner has terminated.
Mono: successfully reloaded assembly
- Completed reload, in  0.822 seconds
Platform modules already initialized, skipping
Shader 'Universal Render Pipeline/Particles/Lit': fallback shader 'Universal Render Pipeline/Particles/SimpleLit' not found
Refreshing native plugins compatible for Editor in 0.51 ms, found 0 plugins.
Preloading 0 native plugins for Editor in 0.00 ms.
Unloading 2270 Unused Serialized files (Serialized files now loaded: 0)
System memory in use before: 111.1 MB.
System memory in use after: 111.3 MB.

Unloading 5 unused Assets to reduce memory usage. Loaded Objects now: 2881.
Total: 2.042400 ms (FindLiveObjects: 0.213400 ms CreateObjectMapping: 0.099200 ms MarkObjects: 1.712600 ms  DeleteObjects: 0.015900 ms)

AssetImportWorkerClient::OnTransportError - code=2 error=End of file
